This file contains any messages produced by compilers while
running configure, to aid debugging if configure makes a mistake.

It was created by BomberSFML configure 0.01, which was
generated by GNU Autoconf 2.67.  Invocation command line was

  $ ../../configure 

## --------- ##
## Platform. ##
## --------- ##

hostname = zapo-laptop
uname -m = i686
uname -r = 2.6.38-1-generic
uname -s = Linux
uname -v = #28-Ubuntu SMP Fri Jan 28 18:59:49 UTC 2011

/usr/bin/uname -p = unknown
/bin/uname -X     = unknown

/bin/arch              = unknown
/usr/bin/arch -k       = unknown
/usr/convex/getsysinfo = unknown
/usr/bin/hostinfo      = unknown
/bin/machine           = unknown
/usr/bin/oslevel       = unknown
/bin/universe          = unknown

PATH: /home/zapo/bin
PATH: /usr/local/sbin
PATH: /usr/local/bin
PATH: /usr/sbin
PATH: /usr/bin
PATH: /sbin
PATH: /bin
PATH: /usr/games


## ----------- ##
## Core tests. ##
## ----------- ##

configure:1808: checking for a BSD-compatible install
configure:1876: result: /usr/bin/install -c
configure:1887: checking whether build environment is sane
configure:1937: result: yes
configure:2078: checking for a thread-safe mkdir -p
configure:2117: result: /bin/mkdir -p
configure:2130: checking for gawk
configure:2146: found /usr/bin/gawk
configure:2157: result: gawk
configure:2168: checking whether make sets $(MAKE)
configure:2190: result: yes
configure:2330: checking for g++
configure:2346: found /usr/bin/g++
configure:2357: result: g++
configure:2384: checking for C++ compiler version
configure:2393: g++ --version >&5
g++ (Ubuntu/Linaro 4.4.4-14ubuntu5) 4.4.5
Copyright (C) 2010 Free Software Foundation, Inc.
This is free software; see the source for copying conditions.  There is NO
warranty; not even for MERCHANTABILITY or FITNESS FOR A PARTICULAR PURPOSE.

configure:2404: $? = 0
configure:2393: g++ -v >&5
Using built-in specs.
Target: i686-linux-gnu
Configured with: ../src/configure -v --with-pkgversion='Ubuntu/Linaro 4.4.4-14ubuntu5' --with-bugurl=file:///usr/share/doc/gcc-4.4/README.Bugs --enable-languages=c,c++,fortran,objc,obj-c++ --prefix=/usr --program-suffix=-4.4 --enable-shared --enable-multiarch --enable-linker-build-id --with-system-zlib --libexecdir=/usr/lib --without-included-gettext --enable-threads=posix --with-gxx-include-dir=/usr/include/c++/4.4 --libdir=/usr/lib --enable-nls --with-sysroot=/ --enable-clocale=gnu --enable-libstdcxx-debug --enable-objc-gc --enable-targets=all --disable-werror --with-arch-32=i686 --with-tune=generic --enable-checking=release --build=i686-linux-gnu --host=i686-linux-gnu --target=i686-linux-gnu
Thread model: posix
gcc version 4.4.5 (Ubuntu/Linaro 4.4.4-14ubuntu5) 
configure:2404: $? = 0
configure:2393: g++ -V >&5
g++: '-V' option must have argument
configure:2404: $? = 1
configure:2393: g++ -qversion >&5
g++: unrecognized option '-qversion'
g++: no input files
configure:2404: $? = 1
configure:2424: checking whether the C++ compiler works
configure:2446: g++    conftest.cpp  >&5
configure:2450: $? = 0
configure:2498: result: yes
configure:2501: checking for C++ compiler default output file name
configure:2503: result: a.out
configure:2509: checking for suffix of executables
configure:2516: g++ -o conftest    conftest.cpp  >&5
configure:2520: $? = 0
configure:2542: result: 
configure:2564: checking whether we are cross compiling
configure:2572: g++ -o conftest    conftest.cpp  >&5
configure:2576: $? = 0
configure:2583: ./conftest
configure:2587: $? = 0
configure:2602: result: no
configure:2607: checking for suffix of object files
configure:2629: g++ -c   conftest.cpp >&5
configure:2633: $? = 0
configure:2654: result: o
configure:2658: checking whether we are using the GNU C++ compiler
configure:2677: g++ -c   conftest.cpp >&5
configure:2677: $? = 0
configure:2686: result: yes
configure:2695: checking whether g++ accepts -g
configure:2715: g++ -c -g  conftest.cpp >&5
configure:2715: $? = 0
configure:2756: result: yes
configure:2790: checking for style of include used by make
configure:2818: result: GNU
configure:2843: checking dependency style of g++
configure:2953: result: gcc3
configure:3149: creating ./config.status

## ---------------------- ##
## Running config.status. ##
## ---------------------- ##

This file was extended by BomberSFML config.status 0.01, which was
generated by GNU Autoconf 2.67.  Invocation command line was

  CONFIG_FILES    = 
  CONFIG_HEADERS  = 
  CONFIG_LINKS    = 
  CONFIG_COMMANDS = 
  $ ./config.status 

on zapo-laptop

config.status:780: creating Makefile
config.status:780: creating client/Makefile
config.status:932: error: could not create client/Makefile

## ---------------- ##
## Cache variables. ##
## ---------------- ##

ac_cv_cxx_compiler_gnu=yes
ac_cv_env_CCC_set=
ac_cv_env_CCC_value=
ac_cv_env_CPPFLAGS_set=
ac_cv_env_CPPFLAGS_value=
ac_cv_env_CXXFLAGS_set=
ac_cv_env_CXXFLAGS_value=
ac_cv_env_CXX_set=
ac_cv_env_CXX_value=
ac_cv_env_LDFLAGS_set=
ac_cv_env_LDFLAGS_value=
ac_cv_env_LIBS_set=
ac_cv_env_LIBS_value=
ac_cv_env_build_alias_set=
ac_cv_env_build_alias_value=
ac_cv_env_host_alias_set=
ac_cv_env_host_alias_value=
ac_cv_env_target_alias_set=
ac_cv_env_target_alias_value=
ac_cv_objext=o
ac_cv_path_install='/usr/bin/install -c'
ac_cv_path_mkdir=/bin/mkdir
ac_cv_prog_AWK=gawk
ac_cv_prog_ac_ct_CXX=g++
ac_cv_prog_cxx_g=yes
ac_cv_prog_make_make_set=yes
am_cv_CXX_dependencies_compiler_type=gcc3

## ----------------- ##
## Output variables. ##
## ----------------- ##

ACLOCAL='${SHELL} /home/zapo/src/BomberSFML/BomberSFML/missing --run aclocal-1.11'
AMDEPBACKSLASH='\'
AMDEP_FALSE='#'
AMDEP_TRUE=''
AMTAR='${SHELL} /home/zapo/src/BomberSFML/BomberSFML/missing --run tar'
AUTOCONF='${SHELL} /home/zapo/src/BomberSFML/BomberSFML/missing --run autoconf'
AUTOHEADER='${SHELL} /home/zapo/src/BomberSFML/BomberSFML/missing --run autoheader'
AUTOMAKE='${SHELL} /home/zapo/src/BomberSFML/BomberSFML/missing --run automake-1.11'
AWK='gawk'
CPPFLAGS=''
CXX='g++'
CXXDEPMODE='depmode=gcc3'
CXXFLAGS='-g -O2'
CYGPATH_W='echo'
DEFS='-DPACKAGE_NAME=\"BomberSFML\" -DPACKAGE_TARNAME=\"bombersfml\" -DPACKAGE_VERSION=\"0.01\" -DPACKAGE_STRING=\"BomberSFML\ 0.01\" -DPACKAGE_BUGREPORT=\"antoineniek@gmail.com\" -DPACKAGE_URL=\"\" -DPACKAGE=\"bombersfml\" -DVERSION=\"0.01\"'
DEPDIR='.deps'
ECHO_C=''
ECHO_N='-n'
ECHO_T=''
EXEEXT=''
INSTALL_DATA='${INSTALL} -m 644'
INSTALL_PROGRAM='${INSTALL}'
INSTALL_SCRIPT='${INSTALL}'
INSTALL_STRIP_PROGRAM='$(install_sh) -c -s'
LDFLAGS=''
LIBOBJS=''
LIBS=''
LTLIBOBJS=''
MAKEINFO='${SHELL} /home/zapo/src/BomberSFML/BomberSFML/missing --run makeinfo'
MKDIR_P='/bin/mkdir -p'
OBJEXT='o'
PACKAGE='bombersfml'
PACKAGE_BUGREPORT='antoineniek@gmail.com'
PACKAGE_NAME='BomberSFML'
PACKAGE_STRING='BomberSFML 0.01'
PACKAGE_TARNAME='bombersfml'
PACKAGE_URL=''
PACKAGE_VERSION='0.01'
PATH_SEPARATOR=':'
SET_MAKE=''
SFML_CFLAGS='-I/usr/include/SFML'
SFML_LIBS='-lsfml-graphics -lsfml-network -lsfml-system'
SHELL='/bin/bash'
STRIP=''
VERSION='0.01'
ac_ct_CXX='g++'
am__EXEEXT_FALSE=''
am__EXEEXT_TRUE='#'
am__fastdepCXX_FALSE='#'
am__fastdepCXX_TRUE=''
am__include='include'
am__isrc=' -I$(srcdir)'
am__leading_dot='.'
am__quote=''
am__tar='${AMTAR} chof - "$$tardir"'
am__untar='${AMTAR} xf -'
bindir='${exec_prefix}/bin'
build_alias=''
datadir='${datarootdir}'
datarootdir='${prefix}/share'
docdir='${datarootdir}/doc/${PACKAGE_TARNAME}'
dvidir='${docdir}'
exec_prefix='${prefix}'
host_alias=''
htmldir='${docdir}'
includedir='${prefix}/include'
infodir='${datarootdir}/info'
install_sh='${SHELL} /home/zapo/src/BomberSFML/BomberSFML/install-sh'
libdir='${exec_prefix}/lib'
libexecdir='${exec_prefix}/libexec'
localedir='${datarootdir}/locale'
localstatedir='${prefix}/var'
mandir='${datarootdir}/man'
mkdir_p='/bin/mkdir -p'
oldincludedir='/usr/include'
pdfdir='${docdir}'
prefix='/usr/local'
program_transform_name='s,x,x,'
psdir='${docdir}'
sbindir='${exec_prefix}/sbin'
sharedstatedir='${prefix}/com'
sysconfdir='${prefix}/etc'
target_alias=''

## ----------- ##
## confdefs.h. ##
## ----------- ##

/* confdefs.h */
#define PACKAGE_NAME "BomberSFML"
#define PACKAGE_TARNAME "bombersfml"
#define PACKAGE_VERSION "0.01"
#define PACKAGE_STRING "BomberSFML 0.01"
#define PACKAGE_BUGREPORT "antoineniek@gmail.com"
#define PACKAGE_URL ""
#define PACKAGE "bombersfml"
#define VERSION "0.01"

configure: exit 1
