This file contains any messages produced by compilers while
running configure, to aid debugging if configure makes a mistake.

It was created by BomberSFML configure 0.01, which was
generated by GNU Autoconf 2.67.  Invocation command line was

  $ ../configure --no-create --no-recursion

## --------- ##
## Platform. ##
## --------- ##

hostname = zapo-laptop
uname -m = i686
uname -r = 2.6.38-2-generic
uname -s = Linux
uname -v = #29-Ubuntu SMP Fri Feb 4 14:11:15 UTC 2011

/usr/bin/uname -p = unknown
/bin/uname -X     = unknown

/bin/arch              = unknown
/usr/bin/arch -k       = unknown
/usr/convex/getsysinfo = unknown
/usr/bin/hostinfo      = unknown
/bin/machine           = unknown
/usr/bin/oslevel       = unknown
/bin/universe          = unknown

PATH: /home/zapo/bin
PATH: /usr/local/sbin
PATH: /usr/local/bin
PATH: /usr/sbin
PATH: /usr/bin
PATH: /sbin
PATH: /bin
PATH: /usr/games


## ----------- ##
## Core tests. ##
## ----------- ##

configure:2399: checking for a BSD-compatible install
configure:2467: result: /usr/bin/install -c
configure:2478: checking whether build environment is sane
configure:2528: result: yes
configure:2669: checking for a thread-safe mkdir -p
configure:2708: result: /bin/mkdir -p
configure:2721: checking for gawk
configure:2737: found /usr/bin/gawk
configure:2748: result: gawk
configure:2759: checking whether make sets $(MAKE)
configure:2781: result: yes
configure:2921: checking for g++
configure:2937: found /usr/bin/g++
configure:2948: result: g++
configure:2975: checking for C++ compiler version
configure:2984: g++ --version >&5
g++ (Ubuntu/Linaro 4.4.4-14ubuntu5) 4.4.5
Copyright (C) 2010 Free Software Foundation, Inc.
This is free software; see the source for copying conditions.  There is NO
warranty; not even for MERCHANTABILITY or FITNESS FOR A PARTICULAR PURPOSE.

configure:2995: $? = 0
configure:2984: g++ -v >&5
Using built-in specs.
Target: i686-linux-gnu
Configured with: ../src/configure -v --with-pkgversion='Ubuntu/Linaro 4.4.4-14ubuntu5' --with-bugurl=file:///usr/share/doc/gcc-4.4/README.Bugs --enable-languages=c,c++,fortran,objc,obj-c++ --prefix=/usr --program-suffix=-4.4 --enable-shared --enable-multiarch --enable-linker-build-id --with-system-zlib --libexecdir=/usr/lib --without-included-gettext --enable-threads=posix --with-gxx-include-dir=/usr/include/c++/4.4 --libdir=/usr/lib --enable-nls --with-sysroot=/ --enable-clocale=gnu --enable-libstdcxx-debug --enable-objc-gc --enable-targets=all --disable-werror --with-arch-32=i686 --with-tune=generic --enable-checking=release --build=i686-linux-gnu --host=i686-linux-gnu --target=i686-linux-gnu
Thread model: posix
gcc version 4.4.5 (Ubuntu/Linaro 4.4.4-14ubuntu5) 
configure:2995: $? = 0
configure:2984: g++ -V >&5
g++: '-V' option must have argument
configure:2995: $? = 1
configure:2984: g++ -qversion >&5
g++: unrecognized option '-qversion'
g++: no input files
configure:2995: $? = 1
configure:3015: checking whether the C++ compiler works
configure:3037: g++    conftest.cpp  >&5
configure:3041: $? = 0
configure:3089: result: yes
configure:3092: checking for C++ compiler default output file name
configure:3094: result: a.out
configure:3100: checking for suffix of executables
configure:3107: g++ -o conftest    conftest.cpp  >&5
configure:3111: $? = 0
configure:3133: result: 
configure:3155: checking whether we are cross compiling
configure:3163: g++ -o conftest    conftest.cpp  >&5
configure:3167: $? = 0
configure:3174: ./conftest
configure:3178: $? = 0
configure:3193: result: no
configure:3198: checking for suffix of object files
configure:3220: g++ -c   conftest.cpp >&5
configure:3224: $? = 0
configure:3245: result: o
configure:3249: checking whether we are using the GNU C++ compiler
configure:3268: g++ -c   conftest.cpp >&5
configure:3268: $? = 0
configure:3277: result: yes
configure:3286: checking whether g++ accepts -g
configure:3306: g++ -c -g  conftest.cpp >&5
configure:3306: $? = 0
configure:3347: result: yes
configure:3381: checking for style of include used by make
configure:3409: result: GNU
configure:3434: checking dependency style of g++
configure:3544: result: gcc3
configure:3589: checking build system type
configure:3603: result: i686-pc-linux-gnu
configure:3623: checking host system type
configure:3636: result: i686-pc-linux-gnu
configure:3704: checking for gcc
configure:3720: found /usr/bin/gcc
configure:3731: result: gcc
configure:3960: checking for C compiler version
configure:3969: gcc --version >&5
gcc (Ubuntu/Linaro 4.4.4-14ubuntu5) 4.4.5
Copyright (C) 2010 Free Software Foundation, Inc.
This is free software; see the source for copying conditions.  There is NO
warranty; not even for MERCHANTABILITY or FITNESS FOR A PARTICULAR PURPOSE.

configure:3980: $? = 0
configure:3969: gcc -v >&5
Using built-in specs.
Target: i686-linux-gnu
Configured with: ../src/configure -v --with-pkgversion='Ubuntu/Linaro 4.4.4-14ubuntu5' --with-bugurl=file:///usr/share/doc/gcc-4.4/README.Bugs --enable-languages=c,c++,fortran,objc,obj-c++ --prefix=/usr --program-suffix=-4.4 --enable-shared --enable-multiarch --enable-linker-build-id --with-system-zlib --libexecdir=/usr/lib --without-included-gettext --enable-threads=posix --with-gxx-include-dir=/usr/include/c++/4.4 --libdir=/usr/lib --enable-nls --with-sysroot=/ --enable-clocale=gnu --enable-libstdcxx-debug --enable-objc-gc --enable-targets=all --disable-werror --with-arch-32=i686 --with-tune=generic --enable-checking=release --build=i686-linux-gnu --host=i686-linux-gnu --target=i686-linux-gnu
Thread model: posix
gcc version 4.4.5 (Ubuntu/Linaro 4.4.4-14ubuntu5) 
configure:3980: $? = 0
configure:3969: gcc -V >&5
gcc: '-V' option must have argument
configure:3980: $? = 1
configure:3969: gcc -qversion >&5
gcc: unrecognized option '-qversion'
gcc: no input files
configure:3980: $? = 1
configure:3984: checking whether we are using the GNU C compiler
configure:4003: gcc -c   conftest.c >&5
configure:4003: $? = 0
configure:4012: result: yes
configure:4021: checking whether gcc accepts -g
configure:4041: gcc -c -g  conftest.c >&5
configure:4041: $? = 0
configure:4082: result: yes
configure:4099: checking for gcc option to accept ISO C89
configure:4163: gcc  -c -g -O2  conftest.c >&5
configure:4163: $? = 0
configure:4176: result: none needed
configure:4198: checking dependency style of gcc
configure:4308: result: gcc3
configure:4323: checking for a sed that does not truncate output
configure:4387: result: /bin/sed
configure:4405: checking for grep that handles long lines and -e
configure:4463: result: /bin/grep
configure:4468: checking for egrep
configure:4530: result: /bin/grep -E
configure:4535: checking for fgrep
configure:4597: result: /bin/grep -F
configure:4632: checking for ld used by gcc
configure:4699: result: /usr/bin/ld
configure:4706: checking if the linker (/usr/bin/ld) is GNU ld
configure:4721: result: yes
configure:4733: checking for BSD- or MS-compatible name lister (nm)
configure:4782: result: /usr/bin/nm -B
configure:4900: checking the name lister (/usr/bin/nm -B) interface
configure:4907: gcc -c -g -O2  conftest.c >&5
configure:4910: /usr/bin/nm -B "conftest.o"
configure:4913: output
00000000 B some_variable
configure:4920: result: BSD nm
configure:4923: checking whether ln -s works
configure:4927: result: yes
configure:4935: checking the maximum length of command line arguments
configure:5055: result: 805306365
configure:5072: checking whether the shell understands some XSI constructs
configure:5082: result: yes
configure:5086: checking whether the shell understands "+="
configure:5092: result: yes
configure:5127: checking for /usr/bin/ld option to reload object files
configure:5134: result: -r
configure:5203: checking for objdump
configure:5219: found /usr/bin/objdump
configure:5230: result: objdump
configure:5262: checking how to recognize dependent libraries
configure:5458: result: pass_all
configure:5518: checking for ar
configure:5534: found /usr/bin/ar
configure:5545: result: ar
configure:5623: checking for strip
configure:5639: found /usr/bin/strip
configure:5650: result: strip
configure:5722: checking for ranlib
configure:5738: found /usr/bin/ranlib
configure:5749: result: ranlib
configure:5839: checking command to parse /usr/bin/nm -B output from gcc object
configure:5957: gcc -c -g -O2  conftest.c >&5
configure:5960: $? = 0
configure:5964: /usr/bin/nm -B conftest.o \| sed -n -e 's/^.*[	 ]\([ABCDGIRSTW][ABCDGIRSTW]*\)[	 ][	 ]*\([_A-Za-z][_A-Za-z0-9]*\)$/\1 \2 \2/p' \> conftest.nm
configure:5967: $? = 0
configure:6021: gcc -o conftest -g -O2   conftest.c conftstm.o >&5
configure:6024: $? = 0
configure:6062: result: ok
configure:6871: checking how to run the C preprocessor
configure:6902: gcc -E  conftest.c
configure:6902: $? = 0
configure:6916: gcc -E  conftest.c
conftest.c:11: fatal error: ac_nonexistent.h: No such file or directory
compilation terminated.
configure:6916: $? = 1
configure: failed program was:
| /* confdefs.h */
| #define PACKAGE_NAME "BomberSFML"
| #define PACKAGE_TARNAME "bombersfml"
| #define PACKAGE_VERSION "0.01"
| #define PACKAGE_STRING "BomberSFML 0.01"
| #define PACKAGE_BUGREPORT "antoineniek@gmail.com"
| #define PACKAGE_URL ""
| #define PACKAGE "bombersfml"
| #define VERSION "0.01"
| /* end confdefs.h.  */
| #include <ac_nonexistent.h>
configure:6941: result: gcc -E
configure:6961: gcc -E  conftest.c
configure:6961: $? = 0
configure:6975: gcc -E  conftest.c
conftest.c:11: fatal error: ac_nonexistent.h: No such file or directory
compilation terminated.
configure:6975: $? = 1
configure: failed program was:
| /* confdefs.h */
| #define PACKAGE_NAME "BomberSFML"
| #define PACKAGE_TARNAME "bombersfml"
| #define PACKAGE_VERSION "0.01"
| #define PACKAGE_STRING "BomberSFML 0.01"
| #define PACKAGE_BUGREPORT "antoineniek@gmail.com"
| #define PACKAGE_URL ""
| #define PACKAGE "bombersfml"
| #define VERSION "0.01"
| /* end confdefs.h.  */
| #include <ac_nonexistent.h>
configure:7004: checking for ANSI C header files
configure:7024: gcc -c -g -O2  conftest.c >&5
configure:7024: $? = 0
configure:7097: gcc -o conftest -g -O2   conftest.c  >&5
configure:7097: $? = 0
configure:7097: ./conftest
configure:7097: $? = 0
configure:7108: result: yes
configure:7121: checking for sys/types.h
configure:7121: gcc -c -g -O2  conftest.c >&5
configure:7121: $? = 0
configure:7121: result: yes
configure:7121: checking for sys/stat.h
configure:7121: gcc -c -g -O2  conftest.c >&5
configure:7121: $? = 0
configure:7121: result: yes
configure:7121: checking for stdlib.h
configure:7121: gcc -c -g -O2  conftest.c >&5
configure:7121: $? = 0
configure:7121: result: yes
configure:7121: checking for string.h
configure:7121: gcc -c -g -O2  conftest.c >&5
configure:7121: $? = 0
configure:7121: result: yes
configure:7121: checking for memory.h
configure:7121: gcc -c -g -O2  conftest.c >&5
configure:7121: $? = 0
configure:7121: result: yes
configure:7121: checking for strings.h
configure:7121: gcc -c -g -O2  conftest.c >&5
configure:7121: $? = 0
configure:7121: result: yes
configure:7121: checking for inttypes.h
configure:7121: gcc -c -g -O2  conftest.c >&5
configure:7121: $? = 0
configure:7121: result: yes
configure:7121: checking for stdint.h
configure:7121: gcc -c -g -O2  conftest.c >&5
configure:7121: $? = 0
configure:7121: result: yes
configure:7121: checking for unistd.h
configure:7121: gcc -c -g -O2  conftest.c >&5
configure:7121: $? = 0
configure:7121: result: yes
configure:7135: checking for dlfcn.h
configure:7135: gcc -c -g -O2  conftest.c >&5
configure:7135: $? = 0
configure:7135: result: yes
configure:7260: checking for C++ compiler version
configure:7269: g++ --version >&5
g++ (Ubuntu/Linaro 4.4.4-14ubuntu5) 4.4.5
Copyright (C) 2010 Free Software Foundation, Inc.
This is free software; see the source for copying conditions.  There is NO
warranty; not even for MERCHANTABILITY or FITNESS FOR A PARTICULAR PURPOSE.

configure:7280: $? = 0
configure:7269: g++ -v >&5
Using built-in specs.
Target: i686-linux-gnu
Configured with: ../src/configure -v --with-pkgversion='Ubuntu/Linaro 4.4.4-14ubuntu5' --with-bugurl=file:///usr/share/doc/gcc-4.4/README.Bugs --enable-languages=c,c++,fortran,objc,obj-c++ --prefix=/usr --program-suffix=-4.4 --enable-shared --enable-multiarch --enable-linker-build-id --with-system-zlib --libexecdir=/usr/lib --without-included-gettext --enable-threads=posix --with-gxx-include-dir=/usr/include/c++/4.4 --libdir=/usr/lib --enable-nls --with-sysroot=/ --enable-clocale=gnu --enable-libstdcxx-debug --enable-objc-gc --enable-targets=all --disable-werror --with-arch-32=i686 --with-tune=generic --enable-checking=release --build=i686-linux-gnu --host=i686-linux-gnu --target=i686-linux-gnu
Thread model: posix
gcc version 4.4.5 (Ubuntu/Linaro 4.4.4-14ubuntu5) 
configure:7280: $? = 0
configure:7269: g++ -V >&5
g++: '-V' option must have argument
configure:7280: $? = 1
configure:7269: g++ -qversion >&5
g++: unrecognized option '-qversion'
g++: no input files
configure:7280: $? = 1
configure:7284: checking whether we are using the GNU C++ compiler
configure:7312: result: yes
configure:7321: checking whether g++ accepts -g
configure:7382: result: yes
configure:7407: checking dependency style of g++
configure:7517: result: gcc3
configure:7540: checking how to run the C++ preprocessor
configure:7567: g++ -E  conftest.cpp
configure:7567: $? = 0
configure:7581: g++ -E  conftest.cpp
conftest.cpp:22: fatal error: ac_nonexistent.h: No such file or directory
compilation terminated.
configure:7581: $? = 1
configure: failed program was:
| /* confdefs.h */
| #define PACKAGE_NAME "BomberSFML"
| #define PACKAGE_TARNAME "bombersfml"
| #define PACKAGE_VERSION "0.01"
| #define PACKAGE_STRING "BomberSFML 0.01"
| #define PACKAGE_BUGREPORT "antoineniek@gmail.com"
| #define PACKAGE_URL ""
| #define PACKAGE "bombersfml"
| #define VERSION "0.01"
| #define STDC_HEADERS 1
| #define HAVE_SYS_TYPES_H 1
| #define HAVE_SYS_STAT_H 1
| #define HAVE_STDLIB_H 1
| #define HAVE_STRING_H 1
| #define HAVE_MEMORY_H 1
| #define HAVE_STRINGS_H 1
| #define HAVE_INTTYPES_H 1
| #define HAVE_STDINT_H 1
| #define HAVE_UNISTD_H 1
| #define HAVE_DLFCN_H 1
| /* end confdefs.h.  */
| #include <ac_nonexistent.h>
configure:7606: result: g++ -E
configure:7626: g++ -E  conftest.cpp
configure:7626: $? = 0
configure:7640: g++ -E  conftest.cpp
conftest.cpp:22: fatal error: ac_nonexistent.h: No such file or directory
compilation terminated.
configure:7640: $? = 1
configure: failed program was:
| /* confdefs.h */
| #define PACKAGE_NAME "BomberSFML"
| #define PACKAGE_TARNAME "bombersfml"
| #define PACKAGE_VERSION "0.01"
| #define PACKAGE_STRING "BomberSFML 0.01"
| #define PACKAGE_BUGREPORT "antoineniek@gmail.com"
| #define PACKAGE_URL ""
| #define PACKAGE "bombersfml"
| #define VERSION "0.01"
| #define STDC_HEADERS 1
| #define HAVE_SYS_TYPES_H 1
| #define HAVE_SYS_STAT_H 1
| #define HAVE_STDLIB_H 1
| #define HAVE_STRING_H 1
| #define HAVE_MEMORY_H 1
| #define HAVE_STRINGS_H 1
| #define HAVE_INTTYPES_H 1
| #define HAVE_STDINT_H 1
| #define HAVE_UNISTD_H 1
| #define HAVE_DLFCN_H 1
| /* end confdefs.h.  */
| #include <ac_nonexistent.h>
configure:7846: checking for objdir
configure:7861: result: .libs
configure:8157: checking if gcc supports -fno-rtti -fno-exceptions
configure:8175: gcc -c -g -O2  -fno-rtti -fno-exceptions conftest.c >&5
cc1: warning: command line option "-fno-rtti" is valid for C++/ObjC++ but not for C
configure:8179: $? = 0
configure:8192: result: no
configure:8212: checking for gcc option to produce PIC
configure:8484: result: -fPIC -DPIC
configure:8496: checking if gcc PIC flag -fPIC -DPIC works
configure:8514: gcc -c -g -O2  -fPIC -DPIC -DPIC conftest.c >&5
configure:8518: $? = 0
configure:8531: result: yes
configure:8555: checking if gcc static flag -static works
configure:8583: result: yes
configure:8598: checking if gcc supports -c -o file.o
configure:8619: gcc -c -g -O2  -o out/conftest2.o conftest.c >&5
configure:8623: $? = 0
configure:8645: result: yes
configure:8653: checking if gcc supports -c -o file.o
configure:8700: result: yes
configure:8733: checking whether the gcc linker (/usr/bin/ld) supports shared libraries
configure:9724: result: yes
configure:9761: checking whether -lc should be explicitly linked in
configure:9766: gcc -c -g -O2  conftest.c >&5
configure:9769: $? = 0
configure:9784: gcc -shared conftest.o  -v -Wl,-soname -Wl,conftest -o conftest 2\>\&1 \| /bin/grep  -lc  \>/dev/null 2\>\&1
configure:9787: $? = 0
configure:9799: result: no
configure:9963: checking dynamic linker characteristics
configure:10396: gcc -o conftest -g -O2   -Wl,-rpath -Wl,/foo conftest.c  >&5
configure:10396: $? = 0
configure:10626: result: GNU/Linux ld.so
configure:10728: checking how to hardcode library paths into programs
configure:10753: result: immediate
configure:11273: checking whether stripping libraries is possible
configure:11278: result: yes
configure:11313: checking if libtool supports shared libraries
configure:11315: result: yes
configure:11318: checking whether to build shared libraries
configure:11339: result: yes
configure:11342: checking whether to build static libraries
configure:11346: result: yes
configure:11496: checking for ld used by g++
configure:11563: result: /usr/bin/ld
configure:11570: checking if the linker (/usr/bin/ld) is GNU ld
configure:11585: result: yes
configure:11640: checking whether the g++ linker (/usr/bin/ld) supports shared libraries
configure:12553: result: yes
configure:12581: g++ -c -g -O2  conftest.cpp >&5
configure:12584: $? = 0
configure:12766: checking for g++ option to produce PIC
configure:13083: result: -fPIC -DPIC
configure:13092: checking if g++ PIC flag -fPIC -DPIC works
configure:13110: g++ -c -g -O2  -fPIC -DPIC -DPIC conftest.cpp >&5
configure:13114: $? = 0
configure:13127: result: yes
configure:13148: checking if g++ static flag -static works
configure:13176: result: yes
configure:13188: checking if g++ supports -c -o file.o
configure:13209: g++ -c -g -O2  -o out/conftest2.o conftest.cpp >&5
configure:13213: $? = 0
configure:13235: result: yes
configure:13240: checking if g++ supports -c -o file.o
configure:13287: result: yes
configure:13317: checking whether the g++ linker (/usr/bin/ld) supports shared libraries
configure:13346: result: yes
configure:13483: checking dynamic linker characteristics
configure:13864: g++ -o conftest -g -O2   -Wl,-rpath -Wl,/foo conftest.cpp  >&5
configure:13864: $? = 0
configure:14094: result: GNU/Linux ld.so
configure:14145: checking how to hardcode library paths into programs
configure:14170: result: immediate
configure:14418: creating ./config.status

## ---------------- ##
## Cache variables. ##
## ---------------- ##

ac_cv_build=i686-pc-linux-gnu
ac_cv_c_compiler_gnu=yes
ac_cv_cxx_compiler_gnu=yes
ac_cv_env_CCC_set=
ac_cv_env_CCC_value=
ac_cv_env_CC_set=
ac_cv_env_CC_value=
ac_cv_env_CFLAGS_set=
ac_cv_env_CFLAGS_value=
ac_cv_env_CPPFLAGS_set=
ac_cv_env_CPPFLAGS_value=
ac_cv_env_CPP_set=
ac_cv_env_CPP_value=
ac_cv_env_CXXCPP_set=
ac_cv_env_CXXCPP_value=
ac_cv_env_CXXFLAGS_set=
ac_cv_env_CXXFLAGS_value=
ac_cv_env_CXX_set=
ac_cv_env_CXX_value=
ac_cv_env_LDFLAGS_set=
ac_cv_env_LDFLAGS_value=
ac_cv_env_LIBS_set=
ac_cv_env_LIBS_value=
ac_cv_env_build_alias_set=
ac_cv_env_build_alias_value=
ac_cv_env_host_alias_set=
ac_cv_env_host_alias_value=
ac_cv_env_target_alias_set=
ac_cv_env_target_alias_value=
ac_cv_header_dlfcn_h=yes
ac_cv_header_inttypes_h=yes
ac_cv_header_memory_h=yes
ac_cv_header_stdc=yes
ac_cv_header_stdint_h=yes
ac_cv_header_stdlib_h=yes
ac_cv_header_string_h=yes
ac_cv_header_strings_h=yes
ac_cv_header_sys_stat_h=yes
ac_cv_header_sys_types_h=yes
ac_cv_header_unistd_h=yes
ac_cv_host=i686-pc-linux-gnu
ac_cv_objext=o
ac_cv_path_EGREP='/bin/grep -E'
ac_cv_path_FGREP='/bin/grep -F'
ac_cv_path_GREP=/bin/grep
ac_cv_path_SED=/bin/sed
ac_cv_path_install='/usr/bin/install -c'
ac_cv_path_mkdir=/bin/mkdir
ac_cv_prog_AWK=gawk
ac_cv_prog_CPP='gcc -E'
ac_cv_prog_CXXCPP='g++ -E'
ac_cv_prog_ac_ct_AR=ar
ac_cv_prog_ac_ct_CC=gcc
ac_cv_prog_ac_ct_CXX=g++
ac_cv_prog_ac_ct_OBJDUMP=objdump
ac_cv_prog_ac_ct_RANLIB=ranlib
ac_cv_prog_ac_ct_STRIP=strip
ac_cv_prog_cc_c89=
ac_cv_prog_cc_g=yes
ac_cv_prog_cxx_g=yes
ac_cv_prog_make_make_set=yes
am_cv_CC_dependencies_compiler_type=gcc3
am_cv_CXX_dependencies_compiler_type=gcc3
lt_cv_deplibs_check_method=pass_all
lt_cv_file_magic_cmd='$MAGIC_CMD'
lt_cv_file_magic_test_file=
lt_cv_ld_reload_flag=-r
lt_cv_nm_interface='BSD nm'
lt_cv_objdir=.libs
lt_cv_path_LD=/usr/bin/ld
lt_cv_path_LDCXX=/usr/bin/ld
lt_cv_path_NM='/usr/bin/nm -B'
lt_cv_prog_compiler_c_o=yes
lt_cv_prog_compiler_c_o_CXX=yes
lt_cv_prog_compiler_pic_works=yes
lt_cv_prog_compiler_pic_works_CXX=yes
lt_cv_prog_compiler_rtti_exceptions=no
lt_cv_prog_compiler_static_works=yes
lt_cv_prog_compiler_static_works_CXX=yes
lt_cv_prog_gnu_ld=yes
lt_cv_prog_gnu_ldcxx=yes
lt_cv_sys_global_symbol_pipe='sed -n -e '\''s/^.*[	 ]\([ABCDGIRSTW][ABCDGIRSTW]*\)[	 ][	 ]*\([_A-Za-z][_A-Za-z0-9]*\)$/\1 \2 \2/p'\'''
lt_cv_sys_global_symbol_to_c_name_address='sed -n -e '\''s/^: \([^ ]*\) $/  {\"\1\", (void *) 0},/p'\'' -e '\''s/^[ABCDGIRSTW]* \([^ ]*\) \([^ ]*\)$/  {"\2", (void *) \&\2},/p'\'''
lt_cv_sys_global_symbol_to_c_name_address_lib_prefix='sed -n -e '\''s/^: \([^ ]*\) $/  {\"\1\", (void *) 0},/p'\'' -e '\''s/^[ABCDGIRSTW]* \([^ ]*\) \(lib[^ ]*\)$/  {"\2", (void *) \&\2},/p'\'' -e '\''s/^[ABCDGIRSTW]* \([^ ]*\) \([^ ]*\)$/  {"lib\2", (void *) \&\2},/p'\'''
lt_cv_sys_global_symbol_to_cdecl='sed -n -e '\''s/^T .* \(.*\)$/extern int \1();/p'\'' -e '\''s/^[ABCDGIRSTW]* .* \(.*\)$/extern char \1;/p'\'''
lt_cv_sys_max_cmd_len=805306365

## ----------------- ##
## Output variables. ##
## ----------------- ##

ACLOCAL='${SHELL} /home/zapo/src/BomberSFML/BomberSFML/missing --run aclocal-1.11'
AMDEPBACKSLASH='\'
AMDEP_FALSE='#'
AMDEP_TRUE=''
AMTAR='${SHELL} /home/zapo/src/BomberSFML/BomberSFML/missing --run tar'
AR='ar'
AUTOCONF='${SHELL} /home/zapo/src/BomberSFML/BomberSFML/missing --run autoconf'
AUTOHEADER='${SHELL} /home/zapo/src/BomberSFML/BomberSFML/missing --run autoheader'
AUTOMAKE='${SHELL} /home/zapo/src/BomberSFML/BomberSFML/missing --run automake-1.11'
AWK='gawk'
CC='gcc'
CCDEPMODE='depmode=gcc3'
CFLAGS='-g -O2'
CPP='gcc -E'
CPPFLAGS=''
CXX='g++'
CXXCPP='g++ -E'
CXXDEPMODE='depmode=gcc3'
CXXFLAGS='-g -O2'
CYGPATH_W='echo'
DEFS='-DPACKAGE_NAME=\"BomberSFML\" -DPACKAGE_TARNAME=\"bombersfml\" -DPACKAGE_VERSION=\"0.01\" -DPACKAGE_STRING=\"BomberSFML\ 0.01\" -DPACKAGE_BUGREPORT=\"antoineniek@gmail.com\" -DPACKAGE_URL=\"\" -DPACKAGE=\"bombersfml\" -DVERSION=\"0.01\" -DSTDC_HEADERS=1 -DHAVE_SYS_TYPES_H=1 -DHAVE_SYS_STAT_H=1 -DHAVE_STDLIB_H=1 -DHAVE_STRING_H=1 -DHAVE_MEMORY_H=1 -DHAVE_STRINGS_H=1 -DHAVE_INTTYPES_H=1 -DHAVE_STDINT_H=1 -DHAVE_UNISTD_H=1 -DHAVE_DLFCN_H=1 -DLT_OBJDIR=\".libs/\"'
DEPDIR='.deps'
DSYMUTIL=''
DUMPBIN=''
ECHO_C=''
ECHO_N='-n'
ECHO_T=''
EGREP='/bin/grep -E'
EXEEXT=''
FGREP='/bin/grep -F'
GREP='/bin/grep'
INSTALL_DATA='${INSTALL} -m 644'
INSTALL_PROGRAM='${INSTALL}'
INSTALL_SCRIPT='${INSTALL}'
INSTALL_STRIP_PROGRAM='$(install_sh) -c -s'
LD='/usr/bin/ld'
LDFLAGS=''
LIBOBJS=''
LIBS=''
LIBTOOL='$(SHELL) $(top_builddir)/libtool'
LIPO=''
LN_S='ln -s'
LTLIBOBJS=''
MAKEINFO='${SHELL} /home/zapo/src/BomberSFML/BomberSFML/missing --run makeinfo'
MKDIR_P='/bin/mkdir -p'
NM='/usr/bin/nm -B'
NMEDIT=''
OBJDUMP='objdump'
OBJEXT='o'
OTOOL64=''
OTOOL=''
PACKAGE='bombersfml'
PACKAGE_BUGREPORT='antoineniek@gmail.com'
PACKAGE_NAME='BomberSFML'
PACKAGE_STRING='BomberSFML 0.01'
PACKAGE_TARNAME='bombersfml'
PACKAGE_URL=''
PACKAGE_VERSION='0.01'
PATH_SEPARATOR=':'
RANLIB='ranlib'
SED='/bin/sed'
SET_MAKE=''
SFML_CFLAGS='-I/usr/include/SFML'
SFML_LIBS='-lsfml-graphics -lsfml-network -lsfml-system'
SHELL='/bin/bash'
STRIP='strip'
VERSION='0.01'
ac_ct_CC='gcc'
ac_ct_CXX='g++'
ac_ct_DUMPBIN=''
am__EXEEXT_FALSE=''
am__EXEEXT_TRUE='#'
am__fastdepCC_FALSE='#'
am__fastdepCC_TRUE=''
am__fastdepCXX_FALSE='#'
am__fastdepCXX_TRUE=''
am__include='include'
am__isrc=' -I$(srcdir)'
am__leading_dot='.'
am__quote=''
am__tar='${AMTAR} chof - "$$tardir"'
am__untar='${AMTAR} xf -'
bindir='${exec_prefix}/bin'
build='i686-pc-linux-gnu'
build_alias=''
build_cpu='i686'
build_os='linux-gnu'
build_vendor='pc'
datadir='${datarootdir}'
datarootdir='${prefix}/share'
docdir='${datarootdir}/doc/${PACKAGE_TARNAME}'
dvidir='${docdir}'
exec_prefix='${prefix}'
host='i686-pc-linux-gnu'
host_alias=''
host_cpu='i686'
host_os='linux-gnu'
host_vendor='pc'
htmldir='${docdir}'
includedir='${prefix}/include'
infodir='${datarootdir}/info'
install_sh='${SHELL} /home/zapo/src/BomberSFML/BomberSFML/install-sh'
libdir='${exec_prefix}/lib'
libexecdir='${exec_prefix}/libexec'
localedir='${datarootdir}/locale'
localstatedir='${prefix}/var'
lt_ECHO='echo'
mandir='${datarootdir}/man'
mkdir_p='/bin/mkdir -p'
oldincludedir='/usr/include'
pdfdir='${docdir}'
prefix='/usr/local'
program_transform_name='s,x,x,'
psdir='${docdir}'
sbindir='${exec_prefix}/sbin'
sharedstatedir='${prefix}/com'
sysconfdir='${prefix}/etc'
target_alias=''

## ----------- ##
## confdefs.h. ##
## ----------- ##

/* confdefs.h */
#define PACKAGE_NAME "BomberSFML"
#define PACKAGE_TARNAME "bombersfml"
#define PACKAGE_VERSION "0.01"
#define PACKAGE_STRING "BomberSFML 0.01"
#define PACKAGE_BUGREPORT "antoineniek@gmail.com"
#define PACKAGE_URL ""
#define PACKAGE "bombersfml"
#define VERSION "0.01"
#define STDC_HEADERS 1
#define HAVE_SYS_TYPES_H 1
#define HAVE_SYS_STAT_H 1
#define HAVE_STDLIB_H 1
#define HAVE_STRING_H 1
#define HAVE_MEMORY_H 1
#define HAVE_STRINGS_H 1
#define HAVE_INTTYPES_H 1
#define HAVE_STDINT_H 1
#define HAVE_UNISTD_H 1
#define HAVE_DLFCN_H 1
#define LT_OBJDIR ".libs/"

configure: exit 0

## ---------------------- ##
## Running config.status. ##
## ---------------------- ##

This file was extended by BomberSFML config.status 0.01, which was
generated by GNU Autoconf 2.67.  Invocation command line was

  CONFIG_FILES    = 
  CONFIG_HEADERS  = 
  CONFIG_LINKS    = 
  CONFIG_COMMANDS = 
  $ ./config.status 

on zapo-laptop

config.status:1057: creating Makefile
config.status:1057: creating client/Makefile
config.status:1057: creating server/Makefile
config.status:1213: executing depfiles commands
config.status:1213: executing libtool commands
