This file contains any messages produced by compilers while
running configure, to aid debugging if configure makes a mistake.

It was created by libBomberSFML configure 0.1, which was
generated by GNU Autoconf 2.67.  Invocation command line was

  $ ../configure --no-create --no-recursion

## --------- ##
## Platform. ##
## --------- ##

hostname = zapo-laptop
uname -m = i686
uname -r = 2.6.38-2-generic
uname -s = Linux
uname -v = #29-Ubuntu SMP Fri Feb 4 14:11:15 UTC 2011

/usr/bin/uname -p = unknown
/bin/uname -X     = unknown

/bin/arch              = unknown
/usr/bin/arch -k       = unknown
/usr/convex/getsysinfo = unknown
/usr/bin/hostinfo      = unknown
/bin/machine           = unknown
/usr/bin/oslevel       = unknown
/bin/universe          = unknown

PATH: /home/zapo/bin
PATH: /usr/local/sbin
PATH: /usr/local/bin
PATH: /usr/sbin
PATH: /usr/bin
PATH: /sbin
PATH: /bin
PATH: /usr/games


## ----------- ##
## Core tests. ##
## ----------- ##

configure:2411: checking for g++
configure:2427: found /usr/bin/g++
configure:2438: result: g++
configure:2465: checking for C++ compiler version
configure:2474: g++ --version >&5
g++ (Ubuntu/Linaro 4.4.4-14ubuntu5) 4.4.5
Copyright (C) 2010 Free Software Foundation, Inc.
This is free software; see the source for copying conditions.  There is NO
warranty; not even for MERCHANTABILITY or FITNESS FOR A PARTICULAR PURPOSE.

configure:2485: $? = 0
configure:2474: g++ -v >&5
Using built-in specs.
Target: i686-linux-gnu
Configured with: ../src/configure -v --with-pkgversion='Ubuntu/Linaro 4.4.4-14ubuntu5' --with-bugurl=file:///usr/share/doc/gcc-4.4/README.Bugs --enable-languages=c,c++,fortran,objc,obj-c++ --prefix=/usr --program-suffix=-4.4 --enable-shared --enable-multiarch --enable-linker-build-id --with-system-zlib --libexecdir=/usr/lib --without-included-gettext --enable-threads=posix --with-gxx-include-dir=/usr/include/c++/4.4 --libdir=/usr/lib --enable-nls --with-sysroot=/ --enable-clocale=gnu --enable-libstdcxx-debug --enable-objc-gc --enable-targets=all --disable-werror --with-arch-32=i686 --with-tune=generic --enable-checking=release --build=i686-linux-gnu --host=i686-linux-gnu --target=i686-linux-gnu
Thread model: posix
gcc version 4.4.5 (Ubuntu/Linaro 4.4.4-14ubuntu5) 
configure:2485: $? = 0
configure:2474: g++ -V >&5
g++: '-V' option must have argument
configure:2485: $? = 1
configure:2474: g++ -qversion >&5
g++: unrecognized option '-qversion'
g++: no input files
configure:2485: $? = 1
configure:2505: checking whether the C++ compiler works
configure:2527: g++    conftest.cpp  >&5
configure:2531: $? = 0
configure:2579: result: yes
configure:2582: checking for C++ compiler default output file name
configure:2584: result: a.out
configure:2590: checking for suffix of executables
configure:2597: g++ -o conftest    conftest.cpp  >&5
configure:2601: $? = 0
configure:2623: result: 
configure:2645: checking whether we are cross compiling
configure:2653: g++ -o conftest    conftest.cpp  >&5
configure:2657: $? = 0
configure:2664: ./conftest
configure:2668: $? = 0
configure:2683: result: no
configure:2688: checking for suffix of object files
configure:2710: g++ -c   conftest.cpp >&5
configure:2714: $? = 0
configure:2735: result: o
configure:2739: checking whether we are using the GNU C++ compiler
configure:2758: g++ -c   conftest.cpp >&5
configure:2758: $? = 0
configure:2767: result: yes
configure:2776: checking whether g++ accepts -g
configure:2796: g++ -c -g  conftest.cpp >&5
configure:2796: $? = 0
configure:2837: result: yes
configure:2908: checking for gcc
configure:2924: found /usr/bin/gcc
configure:2935: result: gcc
configure:3164: checking for C compiler version
configure:3173: gcc --version >&5
gcc (Ubuntu/Linaro 4.4.4-14ubuntu5) 4.4.5
Copyright (C) 2010 Free Software Foundation, Inc.
This is free software; see the source for copying conditions.  There is NO
warranty; not even for MERCHANTABILITY or FITNESS FOR A PARTICULAR PURPOSE.

configure:3184: $? = 0
configure:3173: gcc -v >&5
Using built-in specs.
Target: i686-linux-gnu
Configured with: ../src/configure -v --with-pkgversion='Ubuntu/Linaro 4.4.4-14ubuntu5' --with-bugurl=file:///usr/share/doc/gcc-4.4/README.Bugs --enable-languages=c,c++,fortran,objc,obj-c++ --prefix=/usr --program-suffix=-4.4 --enable-shared --enable-multiarch --enable-linker-build-id --with-system-zlib --libexecdir=/usr/lib --without-included-gettext --enable-threads=posix --with-gxx-include-dir=/usr/include/c++/4.4 --libdir=/usr/lib --enable-nls --with-sysroot=/ --enable-clocale=gnu --enable-libstdcxx-debug --enable-objc-gc --enable-targets=all --disable-werror --with-arch-32=i686 --with-tune=generic --enable-checking=release --build=i686-linux-gnu --host=i686-linux-gnu --target=i686-linux-gnu
Thread model: posix
gcc version 4.4.5 (Ubuntu/Linaro 4.4.4-14ubuntu5) 
configure:3184: $? = 0
configure:3173: gcc -V >&5
gcc: '-V' option must have argument
configure:3184: $? = 1
configure:3173: gcc -qversion >&5
gcc: unrecognized option '-qversion'
gcc: no input files
configure:3184: $? = 1
configure:3188: checking whether we are using the GNU C compiler
configure:3207: gcc -c   conftest.c >&5
configure:3207: $? = 0
configure:3216: result: yes
configure:3225: checking whether gcc accepts -g
configure:3245: gcc -c -g  conftest.c >&5
configure:3245: $? = 0
configure:3286: result: yes
configure:3303: checking for gcc option to accept ISO C89
configure:3367: gcc  -c -g -O2  conftest.c >&5
configure:3367: $? = 0
configure:3380: result: none needed
configure:3458: checking build system type
configure:3472: result: i686-pc-linux-gnu
configure:3492: checking host system type
configure:3505: result: i686-pc-linux-gnu
configure:3525: checking for a sed that does not truncate output
configure:3589: result: /bin/sed
configure:3607: checking for grep that handles long lines and -e
configure:3665: result: /bin/grep
configure:3670: checking for egrep
configure:3732: result: /bin/grep -E
configure:3737: checking for fgrep
configure:3799: result: /bin/grep -F
configure:3834: checking for ld used by gcc
configure:3901: result: /usr/bin/ld
configure:3908: checking if the linker (/usr/bin/ld) is GNU ld
configure:3923: result: yes
configure:3935: checking for BSD- or MS-compatible name lister (nm)
configure:3984: result: /usr/bin/nm -B
configure:4102: checking the name lister (/usr/bin/nm -B) interface
configure:4109: gcc -c -g -O2  conftest.c >&5
configure:4112: /usr/bin/nm -B "conftest.o"
configure:4115: output
00000000 B some_variable
configure:4122: result: BSD nm
configure:4125: checking whether ln -s works
configure:4129: result: yes
configure:4137: checking the maximum length of command line arguments
configure:4257: result: 805306365
configure:4274: checking whether the shell understands some XSI constructs
configure:4284: result: yes
configure:4288: checking whether the shell understands "+="
configure:4294: result: yes
configure:4329: checking for /usr/bin/ld option to reload object files
configure:4336: result: -r
configure:4405: checking for objdump
configure:4421: found /usr/bin/objdump
configure:4432: result: objdump
configure:4464: checking how to recognize dependent libraries
configure:4660: result: pass_all
configure:4720: checking for ar
configure:4736: found /usr/bin/ar
configure:4747: result: ar
configure:4825: checking for strip
configure:4841: found /usr/bin/strip
configure:4852: result: strip
configure:4924: checking for ranlib
configure:4940: found /usr/bin/ranlib
configure:4951: result: ranlib
configure:5041: checking command to parse /usr/bin/nm -B output from gcc object
configure:5159: gcc -c -g -O2  conftest.c >&5
configure:5162: $? = 0
configure:5166: /usr/bin/nm -B conftest.o \| sed -n -e 's/^.*[	 ]\([ABCDGIRSTW][ABCDGIRSTW]*\)[	 ][	 ]*\([_A-Za-z][_A-Za-z0-9]*\)$/\1 \2 \2/p' \> conftest.nm
configure:5169: $? = 0
configure:5223: gcc -o conftest -g -O2   conftest.c conftstm.o >&5
configure:5226: $? = 0
configure:5264: result: ok
configure:6073: checking how to run the C preprocessor
configure:6104: gcc -E  conftest.c
configure:6104: $? = 0
configure:6118: gcc -E  conftest.c
conftest.c:9: fatal error: ac_nonexistent.h: No such file or directory
compilation terminated.
configure:6118: $? = 1
configure: failed program was:
| /* confdefs.h */
| #define PACKAGE_NAME "libBomberSFML"
| #define PACKAGE_TARNAME "libbombersfml"
| #define PACKAGE_VERSION "0.1"
| #define PACKAGE_STRING "libBomberSFML 0.1"
| #define PACKAGE_BUGREPORT "antoine.niek@supinfo.com"
| #define PACKAGE_URL ""
| /* end confdefs.h.  */
| #include <ac_nonexistent.h>
configure:6143: result: gcc -E
configure:6163: gcc -E  conftest.c
configure:6163: $? = 0
configure:6177: gcc -E  conftest.c
conftest.c:9: fatal error: ac_nonexistent.h: No such file or directory
compilation terminated.
configure:6177: $? = 1
configure: failed program was:
| /* confdefs.h */
| #define PACKAGE_NAME "libBomberSFML"
| #define PACKAGE_TARNAME "libbombersfml"
| #define PACKAGE_VERSION "0.1"
| #define PACKAGE_STRING "libBomberSFML 0.1"
| #define PACKAGE_BUGREPORT "antoine.niek@supinfo.com"
| #define PACKAGE_URL ""
| /* end confdefs.h.  */
| #include <ac_nonexistent.h>
configure:6206: checking for ANSI C header files
configure:6226: gcc -c -g -O2  conftest.c >&5
configure:6226: $? = 0
configure:6299: gcc -o conftest -g -O2   conftest.c  >&5
configure:6299: $? = 0
configure:6299: ./conftest
configure:6299: $? = 0
configure:6310: result: yes
configure:6323: checking for sys/types.h
configure:6323: gcc -c -g -O2  conftest.c >&5
configure:6323: $? = 0
configure:6323: result: yes
configure:6323: checking for sys/stat.h
configure:6323: gcc -c -g -O2  conftest.c >&5
configure:6323: $? = 0
configure:6323: result: yes
configure:6323: checking for stdlib.h
configure:6323: gcc -c -g -O2  conftest.c >&5
configure:6323: $? = 0
configure:6323: result: yes
configure:6323: checking for string.h
configure:6323: gcc -c -g -O2  conftest.c >&5
configure:6323: $? = 0
configure:6323: result: yes
configure:6323: checking for memory.h
configure:6323: gcc -c -g -O2  conftest.c >&5
configure:6323: $? = 0
configure:6323: result: yes
configure:6323: checking for strings.h
configure:6323: gcc -c -g -O2  conftest.c >&5
configure:6323: $? = 0
configure:6323: result: yes
configure:6323: checking for inttypes.h
configure:6323: gcc -c -g -O2  conftest.c >&5
configure:6323: $? = 0
configure:6323: result: yes
configure:6323: checking for stdint.h
configure:6323: gcc -c -g -O2  conftest.c >&5
configure:6323: $? = 0
configure:6323: result: yes
configure:6323: checking for unistd.h
configure:6323: gcc -c -g -O2  conftest.c >&5
configure:6323: $? = 0
configure:6323: result: yes
configure:6337: checking for dlfcn.h
configure:6337: gcc -c -g -O2  conftest.c >&5
configure:6337: $? = 0
configure:6337: result: yes
configure:6462: checking for C++ compiler version
configure:6471: g++ --version >&5
g++ (Ubuntu/Linaro 4.4.4-14ubuntu5) 4.4.5
Copyright (C) 2010 Free Software Foundation, Inc.
This is free software; see the source for copying conditions.  There is NO
warranty; not even for MERCHANTABILITY or FITNESS FOR A PARTICULAR PURPOSE.

configure:6482: $? = 0
configure:6471: g++ -v >&5
Using built-in specs.
Target: i686-linux-gnu
Configured with: ../src/configure -v --with-pkgversion='Ubuntu/Linaro 4.4.4-14ubuntu5' --with-bugurl=file:///usr/share/doc/gcc-4.4/README.Bugs --enable-languages=c,c++,fortran,objc,obj-c++ --prefix=/usr --program-suffix=-4.4 --enable-shared --enable-multiarch --enable-linker-build-id --with-system-zlib --libexecdir=/usr/lib --without-included-gettext --enable-threads=posix --with-gxx-include-dir=/usr/include/c++/4.4 --libdir=/usr/lib --enable-nls --with-sysroot=/ --enable-clocale=gnu --enable-libstdcxx-debug --enable-objc-gc --enable-targets=all --disable-werror --with-arch-32=i686 --with-tune=generic --enable-checking=release --build=i686-linux-gnu --host=i686-linux-gnu --target=i686-linux-gnu
Thread model: posix
gcc version 4.4.5 (Ubuntu/Linaro 4.4.4-14ubuntu5) 
configure:6482: $? = 0
configure:6471: g++ -V >&5
g++: '-V' option must have argument
configure:6482: $? = 1
configure:6471: g++ -qversion >&5
g++: unrecognized option '-qversion'
g++: no input files
configure:6482: $? = 1
configure:6486: checking whether we are using the GNU C++ compiler
configure:6514: result: yes
configure:6523: checking whether g++ accepts -g
configure:6584: result: yes
configure:6615: checking how to run the C++ preprocessor
configure:6642: g++ -E  conftest.cpp
configure:6642: $? = 0
configure:6656: g++ -E  conftest.cpp
conftest.cpp:20: fatal error: ac_nonexistent.h: No such file or directory
compilation terminated.
configure:6656: $? = 1
configure: failed program was:
| /* confdefs.h */
| #define PACKAGE_NAME "libBomberSFML"
| #define PACKAGE_TARNAME "libbombersfml"
| #define PACKAGE_VERSION "0.1"
| #define PACKAGE_STRING "libBomberSFML 0.1"
| #define PACKAGE_BUGREPORT "antoine.niek@supinfo.com"
| #define PACKAGE_URL ""
| #define STDC_HEADERS 1
| #define HAVE_SYS_TYPES_H 1
| #define HAVE_SYS_STAT_H 1
| #define HAVE_STDLIB_H 1
| #define HAVE_STRING_H 1
| #define HAVE_MEMORY_H 1
| #define HAVE_STRINGS_H 1
| #define HAVE_INTTYPES_H 1
| #define HAVE_STDINT_H 1
| #define HAVE_UNISTD_H 1
| #define HAVE_DLFCN_H 1
| /* end confdefs.h.  */
| #include <ac_nonexistent.h>
configure:6681: result: g++ -E
configure:6701: g++ -E  conftest.cpp
configure:6701: $? = 0
configure:6715: g++ -E  conftest.cpp
conftest.cpp:20: fatal error: ac_nonexistent.h: No such file or directory
compilation terminated.
configure:6715: $? = 1
configure: failed program was:
| /* confdefs.h */
| #define PACKAGE_NAME "libBomberSFML"
| #define PACKAGE_TARNAME "libbombersfml"
| #define PACKAGE_VERSION "0.1"
| #define PACKAGE_STRING "libBomberSFML 0.1"
| #define PACKAGE_BUGREPORT "antoine.niek@supinfo.com"
| #define PACKAGE_URL ""
| #define STDC_HEADERS 1
| #define HAVE_SYS_TYPES_H 1
| #define HAVE_SYS_STAT_H 1
| #define HAVE_STDLIB_H 1
| #define HAVE_STRING_H 1
| #define HAVE_MEMORY_H 1
| #define HAVE_STRINGS_H 1
| #define HAVE_INTTYPES_H 1
| #define HAVE_STDINT_H 1
| #define HAVE_UNISTD_H 1
| #define HAVE_DLFCN_H 1
| /* end confdefs.h.  */
| #include <ac_nonexistent.h>
configure:6921: checking for objdir
configure:6936: result: .libs
configure:7232: checking if gcc supports -fno-rtti -fno-exceptions
configure:7250: gcc -c -g -O2  -fno-rtti -fno-exceptions conftest.c >&5
cc1: warning: command line option "-fno-rtti" is valid for C++/ObjC++ but not for C
configure:7254: $? = 0
configure:7267: result: no
configure:7287: checking for gcc option to produce PIC
configure:7559: result: -fPIC -DPIC
configure:7571: checking if gcc PIC flag -fPIC -DPIC works
configure:7589: gcc -c -g -O2  -fPIC -DPIC -DPIC conftest.c >&5
configure:7593: $? = 0
configure:7606: result: yes
configure:7630: checking if gcc static flag -static works
configure:7658: result: yes
configure:7673: checking if gcc supports -c -o file.o
configure:7694: gcc -c -g -O2  -o out/conftest2.o conftest.c >&5
configure:7698: $? = 0
configure:7720: result: yes
configure:7728: checking if gcc supports -c -o file.o
configure:7775: result: yes
configure:7808: checking whether the gcc linker (/usr/bin/ld) supports shared libraries
configure:8799: result: yes
configure:8836: checking whether -lc should be explicitly linked in
configure:8841: gcc -c -g -O2  conftest.c >&5
configure:8844: $? = 0
configure:8859: gcc -shared conftest.o  -v -Wl,-soname -Wl,conftest -o conftest 2\>\&1 \| /bin/grep  -lc  \>/dev/null 2\>\&1
configure:8862: $? = 0
configure:8874: result: no
configure:9038: checking dynamic linker characteristics
configure:9471: gcc -o conftest -g -O2   -Wl,-rpath -Wl,/foo conftest.c  >&5
configure:9471: $? = 0
configure:9701: result: GNU/Linux ld.so
configure:9803: checking how to hardcode library paths into programs
configure:9828: result: immediate
configure:10348: checking whether stripping libraries is possible
configure:10353: result: yes
configure:10388: checking if libtool supports shared libraries
configure:10390: result: yes
configure:10393: checking whether to build shared libraries
configure:10414: result: yes
configure:10417: checking whether to build static libraries
configure:10421: result: yes
configure:10571: checking for ld used by g++
configure:10638: result: /usr/bin/ld
configure:10645: checking if the linker (/usr/bin/ld) is GNU ld
configure:10660: result: yes
configure:10715: checking whether the g++ linker (/usr/bin/ld) supports shared libraries
configure:11628: result: yes
configure:11656: g++ -c -g -O2  conftest.cpp >&5
configure:11659: $? = 0
configure:11841: checking for g++ option to produce PIC
configure:12158: result: -fPIC -DPIC
configure:12167: checking if g++ PIC flag -fPIC -DPIC works
configure:12185: g++ -c -g -O2  -fPIC -DPIC -DPIC conftest.cpp >&5
configure:12189: $? = 0
configure:12202: result: yes
configure:12223: checking if g++ static flag -static works
configure:12251: result: yes
configure:12263: checking if g++ supports -c -o file.o
configure:12284: g++ -c -g -O2  -o out/conftest2.o conftest.cpp >&5
configure:12288: $? = 0
configure:12310: result: yes
configure:12315: checking if g++ supports -c -o file.o
configure:12362: result: yes
configure:12392: checking whether the g++ linker (/usr/bin/ld) supports shared libraries
configure:12421: result: yes
configure:12558: checking dynamic linker characteristics
configure:12939: g++ -o conftest -g -O2   -Wl,-rpath -Wl,/foo conftest.cpp  >&5
configure:12939: $? = 0
configure:13169: result: GNU/Linux ld.so
configure:13220: checking how to hardcode library paths into programs
configure:13245: result: immediate
configure:13320: checking for a BSD-compatible install
configure:13388: result: /usr/bin/install -c
configure:13399: checking whether build environment is sane
configure:13449: result: yes
configure:13590: checking for a thread-safe mkdir -p
configure:13629: result: /bin/mkdir -p
configure:13642: checking for gawk
configure:13658: found /usr/bin/gawk
configure:13669: result: gawk
configure:13680: checking whether make sets $(MAKE)
configure:13702: result: yes
configure:13732: checking for style of include used by make
configure:13760: result: GNU
configure:13845: checking dependency style of gcc
configure:13955: result: gcc3
configure:13972: checking dependency style of g++
configure:14082: result: gcc3
configure:14232: creating ./config.status

## ---------------- ##
## Cache variables. ##
## ---------------- ##

ac_cv_build=i686-pc-linux-gnu
ac_cv_c_compiler_gnu=yes
ac_cv_cxx_compiler_gnu=yes
ac_cv_env_CCC_set=
ac_cv_env_CCC_value=
ac_cv_env_CC_set=
ac_cv_env_CC_value=
ac_cv_env_CFLAGS_set=
ac_cv_env_CFLAGS_value=
ac_cv_env_CPPFLAGS_set=
ac_cv_env_CPPFLAGS_value=
ac_cv_env_CPP_set=
ac_cv_env_CPP_value=
ac_cv_env_CXXCPP_set=
ac_cv_env_CXXCPP_value=
ac_cv_env_CXXFLAGS_set=
ac_cv_env_CXXFLAGS_value=
ac_cv_env_CXX_set=
ac_cv_env_CXX_value=
ac_cv_env_LDFLAGS_set=
ac_cv_env_LDFLAGS_value=
ac_cv_env_LIBS_set=
ac_cv_env_LIBS_value=
ac_cv_env_build_alias_set=
ac_cv_env_build_alias_value=
ac_cv_env_host_alias_set=
ac_cv_env_host_alias_value=
ac_cv_env_target_alias_set=
ac_cv_env_target_alias_value=
ac_cv_header_dlfcn_h=yes
ac_cv_header_inttypes_h=yes
ac_cv_header_memory_h=yes
ac_cv_header_stdc=yes
ac_cv_header_stdint_h=yes
ac_cv_header_stdlib_h=yes
ac_cv_header_string_h=yes
ac_cv_header_strings_h=yes
ac_cv_header_sys_stat_h=yes
ac_cv_header_sys_types_h=yes
ac_cv_header_unistd_h=yes
ac_cv_host=i686-pc-linux-gnu
ac_cv_objext=o
ac_cv_path_EGREP='/bin/grep -E'
ac_cv_path_FGREP='/bin/grep -F'
ac_cv_path_GREP=/bin/grep
ac_cv_path_SED=/bin/sed
ac_cv_path_install='/usr/bin/install -c'
ac_cv_path_mkdir=/bin/mkdir
ac_cv_prog_AWK=gawk
ac_cv_prog_CPP='gcc -E'
ac_cv_prog_CXXCPP='g++ -E'
ac_cv_prog_ac_ct_AR=ar
ac_cv_prog_ac_ct_CC=gcc
ac_cv_prog_ac_ct_CXX=g++
ac_cv_prog_ac_ct_OBJDUMP=objdump
ac_cv_prog_ac_ct_RANLIB=ranlib
ac_cv_prog_ac_ct_STRIP=strip
ac_cv_prog_cc_c89=
ac_cv_prog_cc_g=yes
ac_cv_prog_cxx_g=yes
ac_cv_prog_make_make_set=yes
am_cv_CC_dependencies_compiler_type=gcc3
am_cv_CXX_dependencies_compiler_type=gcc3
lt_cv_deplibs_check_method=pass_all
lt_cv_file_magic_cmd='$MAGIC_CMD'
lt_cv_file_magic_test_file=
lt_cv_ld_reload_flag=-r
lt_cv_nm_interface='BSD nm'
lt_cv_objdir=.libs
lt_cv_path_LD=/usr/bin/ld
lt_cv_path_LDCXX=/usr/bin/ld
lt_cv_path_NM='/usr/bin/nm -B'
lt_cv_prog_compiler_c_o=yes
lt_cv_prog_compiler_c_o_CXX=yes
lt_cv_prog_compiler_pic_works=yes
lt_cv_prog_compiler_pic_works_CXX=yes
lt_cv_prog_compiler_rtti_exceptions=no
lt_cv_prog_compiler_static_works=yes
lt_cv_prog_compiler_static_works_CXX=yes
lt_cv_prog_gnu_ld=yes
lt_cv_prog_gnu_ldcxx=yes
lt_cv_sys_global_symbol_pipe='sed -n -e '\''s/^.*[	 ]\([ABCDGIRSTW][ABCDGIRSTW]*\)[	 ][	 ]*\([_A-Za-z][_A-Za-z0-9]*\)$/\1 \2 \2/p'\'''
lt_cv_sys_global_symbol_to_c_name_address='sed -n -e '\''s/^: \([^ ]*\) $/  {\"\1\", (void *) 0},/p'\'' -e '\''s/^[ABCDGIRSTW]* \([^ ]*\) \([^ ]*\)$/  {"\2", (void *) \&\2},/p'\'''
lt_cv_sys_global_symbol_to_c_name_address_lib_prefix='sed -n -e '\''s/^: \([^ ]*\) $/  {\"\1\", (void *) 0},/p'\'' -e '\''s/^[ABCDGIRSTW]* \([^ ]*\) \(lib[^ ]*\)$/  {"\2", (void *) \&\2},/p'\'' -e '\''s/^[ABCDGIRSTW]* \([^ ]*\) \([^ ]*\)$/  {"lib\2", (void *) \&\2},/p'\'''
lt_cv_sys_global_symbol_to_cdecl='sed -n -e '\''s/^T .* \(.*\)$/extern int \1();/p'\'' -e '\''s/^[ABCDGIRSTW]* .* \(.*\)$/extern char \1;/p'\'''
lt_cv_sys_max_cmd_len=805306365

## ----------------- ##
## Output variables. ##
## ----------------- ##

ACLOCAL='${SHELL} /home/zapo/src/BomberSFML/BomberSFML-network/missing --run aclocal-1.11'
AMDEPBACKSLASH='\'
AMDEP_FALSE='#'
AMDEP_TRUE=''
AMTAR='${SHELL} /home/zapo/src/BomberSFML/BomberSFML-network/missing --run tar'
AR='ar'
AUTOCONF='${SHELL} /home/zapo/src/BomberSFML/BomberSFML-network/missing --run autoconf'
AUTOHEADER='${SHELL} /home/zapo/src/BomberSFML/BomberSFML-network/missing --run autoheader'
AUTOMAKE='${SHELL} /home/zapo/src/BomberSFML/BomberSFML-network/missing --run automake-1.11'
AWK='gawk'
CC='gcc'
CCDEPMODE='depmode=gcc3'
CFLAGS='-g -O2'
CPP='gcc -E'
CPPFLAGS=''
CXX='g++'
CXXCPP='g++ -E'
CXXDEPMODE='depmode=gcc3'
CXXFLAGS='-g -O2'
CYGPATH_W='echo'
DEFS='-DHAVE_CONFIG_H'
DEPDIR='.deps'
DSYMUTIL=''
DUMPBIN=''
ECHO_C=''
ECHO_N='-n'
ECHO_T=''
EGREP='/bin/grep -E'
EXEEXT=''
FGREP='/bin/grep -F'
GREP='/bin/grep'
INSTALL_DATA='${INSTALL} -m 644'
INSTALL_PROGRAM='${INSTALL}'
INSTALL_SCRIPT='${INSTALL}'
INSTALL_STRIP_PROGRAM='$(install_sh) -c -s'
LD='/usr/bin/ld'
LDFLAGS=''
LIBOBJS=''
LIBS=''
LIBTOOL='$(SHELL) $(top_builddir)/libtool'
LIPO=''
LN_S='ln -s'
LTLIBOBJS=''
MAKEINFO='${SHELL} /home/zapo/src/BomberSFML/BomberSFML-network/missing --run makeinfo'
MKDIR_P='/bin/mkdir -p'
NM='/usr/bin/nm -B'
NMEDIT=''
OBJDUMP='objdump'
OBJEXT='o'
OTOOL64=''
OTOOL=''
PACKAGE='libBomberSFML'
PACKAGE_BUGREPORT='antoine.niek@supinfo.com'
PACKAGE_NAME='libBomberSFML'
PACKAGE_STRING='libBomberSFML 0.1'
PACKAGE_TARNAME='libbombersfml'
PACKAGE_URL=''
PACKAGE_VERSION='0.1'
PATH_SEPARATOR=':'
RANLIB='ranlib'
SED='/bin/sed'
SET_MAKE=''
SHELL='/bin/bash'
STRIP='strip'
VERSION='0.1'
ac_ct_CC='gcc'
ac_ct_CXX='g++'
ac_ct_DUMPBIN=''
am__EXEEXT_FALSE=''
am__EXEEXT_TRUE='#'
am__fastdepCC_FALSE='#'
am__fastdepCC_TRUE=''
am__fastdepCXX_FALSE='#'
am__fastdepCXX_TRUE=''
am__include='include'
am__isrc=' -I$(srcdir)'
am__leading_dot='.'
am__quote=''
am__tar='${AMTAR} chof - "$$tardir"'
am__untar='${AMTAR} xf -'
bindir='${exec_prefix}/bin'
build='i686-pc-linux-gnu'
build_alias=''
build_cpu='i686'
build_os='linux-gnu'
build_vendor='pc'
datadir='${datarootdir}'
datarootdir='${prefix}/share'
docdir='${datarootdir}/doc/${PACKAGE_TARNAME}'
dvidir='${docdir}'
exec_prefix='${prefix}'
host='i686-pc-linux-gnu'
host_alias=''
host_cpu='i686'
host_os='linux-gnu'
host_vendor='pc'
htmldir='${docdir}'
includedir='${prefix}/include'
infodir='${datarootdir}/info'
install_sh='${SHELL} /home/zapo/src/BomberSFML/BomberSFML-network/install-sh'
libdir='${exec_prefix}/lib'
libexecdir='${exec_prefix}/libexec'
localedir='${datarootdir}/locale'
localstatedir='${prefix}/var'
lt_ECHO='echo'
mandir='${datarootdir}/man'
mkdir_p='/bin/mkdir -p'
oldincludedir='/usr/include'
pdfdir='${docdir}'
prefix='/usr/local'
program_transform_name='s,x,x,'
psdir='${docdir}'
sbindir='${exec_prefix}/sbin'
sharedstatedir='${prefix}/com'
sysconfdir='${prefix}/etc'
target_alias=''

## ----------- ##
## confdefs.h. ##
## ----------- ##

/* confdefs.h */
#define PACKAGE_NAME "libBomberSFML"
#define PACKAGE_TARNAME "libbombersfml"
#define PACKAGE_VERSION "0.1"
#define PACKAGE_STRING "libBomberSFML 0.1"
#define PACKAGE_BUGREPORT "antoine.niek@supinfo.com"
#define PACKAGE_URL ""
#define STDC_HEADERS 1
#define HAVE_SYS_TYPES_H 1
#define HAVE_SYS_STAT_H 1
#define HAVE_STDLIB_H 1
#define HAVE_STRING_H 1
#define HAVE_MEMORY_H 1
#define HAVE_STRINGS_H 1
#define HAVE_INTTYPES_H 1
#define HAVE_STDINT_H 1
#define HAVE_UNISTD_H 1
#define HAVE_DLFCN_H 1
#define LT_OBJDIR ".libs/"
#define PACKAGE "libBomberSFML"
#define VERSION "0.1"

configure: exit 0

## ---------------------- ##
## Running config.status. ##
## ---------------------- ##

This file was extended by libBomberSFML config.status 0.1, which was
generated by GNU Autoconf 2.67.  Invocation command line was

  CONFIG_FILES    = 
  CONFIG_HEADERS  = 
  CONFIG_LINKS    = 
  CONFIG_COMMANDS = 
  $ ./config.status 

on zapo-laptop

config.status:1130: creating Makefile
config.status:1130: creating config.h
config.status:1295: config.h is unchanged
config.status:1343: executing libtool commands
config.status:1343: executing depfiles commands

## ---------------------- ##
## Running config.status. ##
## ---------------------- ##

This file was extended by libBomberSFML config.status 0.1, which was
generated by GNU Autoconf 2.67.  Invocation command line was

  CONFIG_FILES    = 
  CONFIG_HEADERS  = 
  CONFIG_LINKS    = 
  CONFIG_COMMANDS = 
  $ ./config.status config.h

on zapo-laptop

config.status:1130: creating config.h
config.status:1295: config.h is unchanged
